<?xml version="1.0" encoding="UTF-8"?>
<testsuite xmlns:xsi="http://www.w3.org/2001/XMLSchema-instance" xsi:noNamespaceSchemaLocation="https://maven.apache.org/surefire/maven-surefire-plugin/xsd/surefire-test-report-3.0.xsd" version="3.0" name="br.com.academiaDev.application.usecases.MatricularAlunoUseCaseTest" time="0.016" tests="3" errors="0" skipped="0" failures="0">
  <properties>
[...]
</properties>
  <testcase name="naoDeveMatricularSePlanoEstourou" classname="br.com.academiaDev.application.usecases.MatricularAlunoUseCaseTest" time="0.006"/>
  <testcase name="naoDeveMatricularSeCursoNaoExiste" classname="br.com.academiaDev.application.usecases.MatricularAlunoUseCaseTest" time="0.003"/>
  <testcase name="deveMatricularComSucesso" classname="br.com.academiaDev.application.usecases.MatricularAlunoUseCaseTest" time="0.004"/>
</testsuite>